This is pdfTeX, Version 3.141592653-2.6-1.40.25 (TeX Live 2023) (preloaded format=pdflatex 2023.4.2)  23 AUG 2023 23:05
entering extended mode
 restricted \write18 enabled.
 file:line:error style messages enabled.
 %&-line parsing enabled.
**"c:/Fran/Semester 8/Research/real-time-automatic-tag/docs/skripsi/template-skripsi.tex"
(c:/Fran/Semester 8/Research/real-time-automatic-tag/docs/skripsi/template-skripsi.tex
LaTeX2e <2022-11-01> patch level 1
L3 programming layer <2023-03-30> (./jtetiskripsi.cls
Document Class: jtetiskripsi 
(c:/texlive/2023/texmf-dist/tex/generic/babel/babel.sty
Package: babel 2023/03/28 3.87 The Babel package
\babel@savecnt=\count185
\U@D=\dimen140
\l@unhyphenated=\language87
 (c:/texlive/2023/texmf-dist/tex/generic/babel/txtbabel.def)
\bbl@readstream=\read2
\bbl@dirlevel=\count186
 (c:/texlive/2023/texmf-dist/tex/generic/babel-english/english.ldf
Language: english 2017/06/06 v3.3r English support from the babel system
Package babel Info: Hyphen rules for 'canadian' set to \l@english
(babel)             (\language0). Reported on input line 102.
Package babel Info: Hyphen rules for 'australian' set to \l@ukenglish
(babel)             (\language21). Reported on input line 105.
Package babel Info: Hyphen rules for 'newzealand' set to \l@ukenglish
(babel)             (\language21). Reported on input line 108.
) (c:/texlive/2023/texmf-dist/tex/generic/babel-indonesian/bahasa.ldf
Language: bahasa 2017/02/15 v1.0m Bahasa Indonesia support from the babel system
 (c:/texlive/2023/texmf-dist/tex/generic/babel-indonesian/indonesian.ldf
Language: indonesian 2017/02/15 v1.0m Bahasa Indonesia support from the babel system
))) (c:/texlive/2023/texmf-dist/tex/generic/babel/locale/en/babel-english.tex
Package babel Info: Importing font and identification data for english
(babel)             from babel-en.ini. Reported on input line 11.
) (c:/texlive/2023/texmf-dist/tex/latex/tools/indentfirst.sty
Package: indentfirst 1995/11/23 v1.03 Indent first paragraph (DPC)
) (c:/texlive/2023/texmf-dist/tex/latex/setspace/setspace.sty
Package: setspace 2022/12/04 v6.7b set line spacing
) (c:/texlive/2023/texmf-dist/tex/latex/base/fontenc.sty
Package: fontenc 2021/04/29 v2.0v Standard LaTeX package
) (c:/texlive/2023/texmf-dist/tex/latex/psnfss/times.sty
Package: times 2020/03/25 PSNFSS-v9.3 (SPQR) 
) (c:/texlive/2023/texmf-dist/tex/latex/graphics/graphicx.sty
Package: graphicx 2021/09/16 v1.2d Enhanced LaTeX Graphics (DPC,SPQR)
 (c:/texlive/2023/texmf-dist/tex/latex/graphics/keyval.sty
Package: keyval 2022/05/29 v1.15 key=value parser (DPC)
\KV@toks@=\toks16
) (c:/texlive/2023/texmf-dist/tex/latex/graphics/graphics.sty
Package: graphics 2022/03/10 v1.4e Standard LaTeX Graphics (DPC,SPQR)
 (c:/texlive/2023/texmf-dist/tex/latex/graphics/trig.sty
Package: trig 2021/08/11 v1.11 sin cos tan (DPC)
) (c:/texlive/2023/texmf-dist/tex/latex/graphics-cfg/graphics.cfg
File: graphics.cfg 2016/06/04 v1.11 sample graphics configuration
)
Package graphics Info: Driver file: pdftex.def on input line 107.
 (c:/texlive/2023/texmf-dist/tex/latex/graphics-def/pdftex.def
File: pdftex.def 2022/09/22 v1.2b Graphics/color driver for pdftex
))
\Gin@req@height=\dimen141
\Gin@req@width=\dimen142
) (c:/texlive/2023/texmf-dist/tex/latex/base/latexsym.sty
Package: latexsym 1998/08/17 v2.2e Standard LaTeX package (lasy symbols)
\symlasy=\mathgroup4
LaTeX Font Info:    Overwriting symbol font `lasy' in version `bold'
(Font)                  U/lasy/m/n --> U/lasy/b/n on input line 52.
) (c:/texlive/2023/texmf-dist/tex/latex/geometry/geometry.sty
Package: geometry 2020/01/02 v5.9 Page Geometry
 (c:/texlive/2023/texmf-dist/tex/generic/iftex/ifvtex.sty
Package: ifvtex 2019/10/25 v1.7 ifvtex legacy package. Use iftex instead.
 (c:/texlive/2023/texmf-dist/tex/generic/iftex/iftex.sty
Package: iftex 2022/02/03 v1.0f TeX engine tests
))
\Gm@cnth=\count187
\Gm@cntv=\count188
\c@Gm@tempcnt=\count189
\Gm@bindingoffset=\dimen143
\Gm@wd@mp=\dimen144
\Gm@odd@mp=\dimen145
\Gm@even@mp=\dimen146
\Gm@layoutwidth=\dimen147
\Gm@layoutheight=\dimen148
\Gm@layouthoffset=\dimen149
\Gm@layoutvoffset=\dimen150
\Gm@dimlist=\toks17
) (c:/texlive/2023/texmf-dist/tex/latex/tools/verbatim.sty
Package: verbatim 2022-07-02 v1.5u LaTeX2e package for verbatim enhancements
\every@verbatim=\toks18
\verbatim@line=\toks19
\verbatim@in@stream=\read3
) (c:/texlive/2023/texmf-dist/tex/latex/tools/enumerate.sty
Package: enumerate 2015/07/23 v3.00 enumerate extensions (DPC)
\@enLab=\toks20
) (c:/texlive/2023/texmf-dist/tex/latex/booktabs/booktabs.sty
Package: booktabs 2020/01/12 v1.61803398 Publication quality tables
\heavyrulewidth=\dimen151
\lightrulewidth=\dimen152
\cmidrulewidth=\dimen153
\belowrulesep=\dimen154
\belowbottomsep=\dimen155
\aboverulesep=\dimen156
\abovetopsep=\dimen157
\cmidrulesep=\dimen158
\cmidrulekern=\dimen159
\defaultaddspace=\dimen160
\@cmidla=\count190
\@cmidlb=\count191
\@aboverulesep=\dimen161
\@belowrulesep=\dimen162
\@thisruleclass=\count192
\@lastruleclass=\count193
\@thisrulewidth=\dimen163
) (c:/texlive/2023/texmf-dist/tex/latex/xcolor/xcolor.sty
Package: xcolor 2022/06/12 v2.14 LaTeX color extensions (UK)
 (c:/texlive/2023/texmf-dist/tex/latex/graphics-cfg/color.cfg
File: color.cfg 2016/01/02 v1.6 sample color configuration
)
Package xcolor Info: Driver file: pdftex.def on input line 227.
 (c:/texlive/2023/texmf-dist/tex/latex/colortbl/colortbl.sty
Package: colortbl 2022/06/20 v1.0f Color table columns (DPC)
 (c:/texlive/2023/texmf-dist/tex/latex/tools/array.sty
Package: array 2022/09/04 v2.5g Tabular extension package (FMi)
\col@sep=\dimen164
\ar@mcellbox=\box51
\extrarowheight=\dimen165
\NC@list=\toks21
\extratabsurround=\skip48
\backup@length=\skip49
\ar@cellbox=\box52
)
\everycr=\toks22
\minrowclearance=\skip50
\rownum=\count194
) (c:/texlive/2023/texmf-dist/tex/latex/graphics/mathcolor.ltx)
Package xcolor Info: Model `cmy' substituted by `cmy0' on input line 1353.
Package xcolor Info: Model `hsb' substituted by `rgb' on input line 1357.
Package xcolor Info: Model `RGB' extended on input line 1369.
Package xcolor Info: Model `HTML' substituted by `rgb' on input line 1371.
Package xcolor Info: Model `Hsb' substituted by `hsb' on input line 1372.
Package xcolor Info: Model `tHsb' substituted by `hsb' on input line 1373.
Package xcolor Info: Model `HSB' substituted by `hsb' on input line 1374.
Package xcolor Info: Model `Gray' substituted by `gray' on input line 1375.
Package xcolor Info: Model `wave' substituted by `hsb' on input line 1376.
) (c:/texlive/2023/texmf-dist/tex/latex/multirow/multirow.sty
Package: multirow 2021/03/15 v2.8 Span multiple rows of a table
\multirow@colwidth=\skip51
\multirow@cntb=\count195
\multirow@dima=\skip52
\bigstrutjot=\dimen166
) (c:/texlive/2023/texmf-dist/tex/latex/float/float.sty
Package: float 2001/11/08 v1.3d Float enhancements (AL)
\c@float@type=\count196
\float@exts=\toks23
\float@box=\box53
\@float@everytoks=\toks24
\@floatcapt=\box54
) (c:/texlive/2023/texmf-dist/tex/latex/base/report.cls
Document Class: report 2022/07/02 v1.4n Standard LaTeX document class
(c:/texlive/2023/texmf-dist/tex/latex/base/size12.clo
File: size12.clo 2022/07/02 v1.4n Standard LaTeX file (size option)
)
\c@part=\count197
\c@chapter=\count198
\c@section=\count199
\c@subsection=\count266
\c@subsubsection=\count267
\c@paragraph=\count268
\c@subparagraph=\count269
\c@figure=\count270
\c@table=\count271
\abovecaptionskip=\skip53
\belowcaptionskip=\skip54
\bibindent=\dimen167
)) (c:/texlive/2023/texmf-dist/tex/latex/tocloft/tocloft.sty
Package: tocloft 2017/08/31 v2.3i parameterised ToC, etc., typesetting
Package tocloft Info: The document has chapter divisions on input line 51.
\cftparskip=\skip55
\cftbeforetoctitleskip=\skip56
\cftaftertoctitleskip=\skip57
\cftbeforepartskip=\skip58
\cftpartnumwidth=\skip59
\cftpartindent=\skip60
\cftbeforechapskip=\skip61
\cftchapindent=\skip62
\cftchapnumwidth=\skip63
\cftbeforesecskip=\skip64
\cftsecindent=\skip65
\cftsecnumwidth=\skip66
\cftbeforesubsecskip=\skip67
\cftsubsecindent=\skip68
\cftsubsecnumwidth=\skip69
\cftbeforesubsubsecskip=\skip70
\cftsubsubsecindent=\skip71
\cftsubsubsecnumwidth=\skip72
\cftbeforeparaskip=\skip73
\cftparaindent=\skip74
\cftparanumwidth=\skip75
\cftbeforesubparaskip=\skip76
\cftsubparaindent=\skip77
\cftsubparanumwidth=\skip78
\cftbeforeloftitleskip=\skip79
\cftafterloftitleskip=\skip80
\cftbeforefigskip=\skip81
\cftfigindent=\skip82
\cftfignumwidth=\skip83
\c@lofdepth=\count272
\c@lotdepth=\count273
\cftbeforelottitleskip=\skip84
\cftafterlottitleskip=\skip85
\cftbeforetabskip=\skip86
\cfttabindent=\skip87
\cfttabnumwidth=\skip88
) (c:/texlive/2023/texmf-dist/tex/latex/hyperref/hyperref.sty
Package: hyperref 2023-02-07 v7.00v Hypertext links for LaTeX
 (c:/texlive/2023/texmf-dist/tex/generic/ltxcmds/ltxcmds.sty
Package: ltxcmds 2020-05-10 v1.25 LaTeX kernel commands for general use (HO)
) (c:/texlive/2023/texmf-dist/tex/generic/pdftexcmds/pdftexcmds.sty
Package: pdftexcmds 2020-06-27 v0.33 Utility functions of pdfTeX for LuaTeX (HO)
 (c:/texlive/2023/texmf-dist/tex/generic/infwarerr/infwarerr.sty
Package: infwarerr 2019/12/03 v1.5 Providing info/warning/error messages (HO)
)
Package pdftexcmds Info: \pdf@primitive is available.
Package pdftexcmds Info: \pdf@ifprimitive is available.
Package pdftexcmds Info: \pdfdraftmode found.
) (c:/texlive/2023/texmf-dist/tex/latex/kvsetkeys/kvsetkeys.sty
Package: kvsetkeys 2022-10-05 v1.19 Key value parser (HO)
) (c:/texlive/2023/texmf-dist/tex/generic/kvdefinekeys/kvdefinekeys.sty
Package: kvdefinekeys 2019-12-19 v1.6 Define keys (HO)
) (c:/texlive/2023/texmf-dist/tex/generic/pdfescape/pdfescape.sty
Package: pdfescape 2019/12/09 v1.15 Implements pdfTeX's escape features (HO)
) (c:/texlive/2023/texmf-dist/tex/latex/hycolor/hycolor.sty
Package: hycolor 2020-01-27 v1.10 Color options for hyperref/bookmark (HO)
) (c:/texlive/2023/texmf-dist/tex/latex/letltxmacro/letltxmacro.sty
Package: letltxmacro 2019/12/03 v1.6 Let assignment for LaTeX macros (HO)
) (c:/texlive/2023/texmf-dist/tex/latex/auxhook/auxhook.sty
Package: auxhook 2019-12-17 v1.6 Hooks for auxiliary files (HO)
) (c:/texlive/2023/texmf-dist/tex/latex/hyperref/nameref.sty
Package: nameref 2022-05-17 v2.50 Cross-referencing by name of section
 (c:/texlive/2023/texmf-dist/tex/latex/refcount/refcount.sty
Package: refcount 2019/12/15 v3.6 Data extraction from label references (HO)
) (c:/texlive/2023/texmf-dist/tex/generic/gettitlestring/gettitlestring.sty
Package: gettitlestring 2019/12/15 v1.6 Cleanup title references (HO)
 (c:/texlive/2023/texmf-dist/tex/latex/kvoptions/kvoptions.sty
Package: kvoptions 2022-06-15 v3.15 Key value format for package options (HO)
))
\c@section@level=\count274
)
\@linkdim=\dimen168
\Hy@linkcounter=\count275
\Hy@pagecounter=\count276
 (c:/texlive/2023/texmf-dist/tex/latex/hyperref/pd1enc.def
File: pd1enc.def 2023-02-07 v7.00v Hyperref: PDFDocEncoding definition (HO)
Now handling font encoding PD1 ...
... no UTF-8 mapping file for font encoding PD1
) (c:/texlive/2023/texmf-dist/tex/generic/intcalc/intcalc.sty
Package: intcalc 2019/12/15 v1.3 Expandable calculations with integers (HO)
) (c:/texlive/2023/texmf-dist/tex/generic/etexcmds/etexcmds.sty
Package: etexcmds 2019/12/15 v1.7 Avoid name clashes with e-TeX commands (HO)
)
\Hy@SavedSpaceFactor=\count277
 (c:/texlive/2023/texmf-dist/tex/latex/hyperref/puenc.def
File: puenc.def 2023-02-07 v7.00v Hyperref: PDF Unicode definition (HO)
Now handling font encoding PU ...
... no UTF-8 mapping file for font encoding PU
)
Package hyperref Info: Hyper figures OFF on input line 4177.
Package hyperref Info: Link nesting OFF on input line 4182.
Package hyperref Info: Hyper index ON on input line 4185.
Package hyperref Info: Plain pages OFF on input line 4192.
Package hyperref Info: Backreferencing OFF on input line 4197.
Package hyperref Info: Implicit mode ON; LaTeX internals redefined.
Package hyperref Info: Bookmarks ON on input line 4425.
\c@Hy@tempcnt=\count278
 (c:/texlive/2023/texmf-dist/tex/latex/url/url.sty
\Urlmuskip=\muskip16
Package: url 2013/09/16  ver 3.4  Verb mode for urls, etc.
)
LaTeX Info: Redefining \url on input line 4763.
\XeTeXLinkMargin=\dimen169
 (c:/texlive/2023/texmf-dist/tex/generic/bitset/bitset.sty
Package: bitset 2019/12/09 v1.3 Handle bit-vector datatype (HO)
 (c:/texlive/2023/texmf-dist/tex/generic/bigintcalc/bigintcalc.sty
Package: bigintcalc 2019/12/15 v1.5 Expandable calculations on big integers (HO)
))
\Fld@menulength=\count279
\Field@Width=\dimen170
\Fld@charsize=\dimen171
Package hyperref Info: Hyper figures OFF on input line 6042.
Package hyperref Info: Link nesting OFF on input line 6047.
Package hyperref Info: Hyper index ON on input line 6050.
Package hyperref Info: backreferencing OFF on input line 6057.
Package hyperref Info: Link coloring OFF on input line 6062.
Package hyperref Info: Link coloring with OCG OFF on input line 6067.
Package hyperref Info: PDF/A mode OFF on input line 6072.
 (c:/texlive/2023/texmf-dist/tex/latex/base/atbegshi-ltx.sty
Package: atbegshi-ltx 2021/01/10 v1.0c Emulation of the original atbegshi
package with kernel methods
)
\Hy@abspage=\count280
\c@Item=\count281
\c@Hfootnote=\count282
)
Package hyperref Info: Driver (autodetected): hpdftex.
 (c:/texlive/2023/texmf-dist/tex/latex/hyperref/hpdftex.def
File: hpdftex.def 2023-02-07 v7.00v Hyperref driver for pdfTeX
 (c:/texlive/2023/texmf-dist/tex/latex/base/atveryend-ltx.sty
Package: atveryend-ltx 2020/08/19 v1.0a Emulation of the original atveryend package
with kernel methods
)
\Fld@listcount=\count283
\c@bookmark@seq@number=\count284
 (c:/texlive/2023/texmf-dist/tex/latex/rerunfilecheck/rerunfilecheck.sty
Package: rerunfilecheck 2022-07-10 v1.10 Rerun checks for auxiliary files (HO)
 (c:/texlive/2023/texmf-dist/tex/generic/uniquecounter/uniquecounter.sty
Package: uniquecounter 2019/12/15 v1.4 Provide unlimited unique counter (HO)
)
Package uniquecounter Info: New unique counter `rerunfilecheck' on input line 285.
)
\Hy@SectionHShift=\skip89
)
\mylenf=\skip90
 (c:/texlive/2023/texmf-dist/tex/latex/caption/caption.sty
Package: caption 2023/03/12 v3.6j Customizing captions (AR)
 (c:/texlive/2023/texmf-dist/tex/latex/caption/caption3.sty
Package: caption3 2023/03/12 v2.4 caption3 kernel (AR)
\caption@tempdima=\dimen172
\captionmargin=\dimen173
\caption@leftmargin=\dimen174
\caption@rightmargin=\dimen175
\caption@width=\dimen176
\caption@indent=\dimen177
\caption@parindent=\dimen178
\caption@hangindent=\dimen179
Package caption Info: Standard document class detected.
)
\c@caption@flags=\count285
\c@continuedfloat=\count286
Package caption Info: float package is loaded.
Package caption Info: hyperref package is loaded.
) (c:/texlive/2023/texmf-dist/tex/latex/caption/subcaption.sty
Package: subcaption 2023/02/19 v1.6 Sub-captions (AR)
Package caption Info: New subtype `subfigure' on input line 239.
\c@subfigure=\count287
Package caption Info: New subtype `subtable' on input line 239.
\c@subtable=\count288
) (c:/texlive/2023/texmf-dist/tex/latex/pdfpages/pdfpages.sty
Package: pdfpages 2022/12/19 v0.5x Insert pages of external PDF documents (AM)
 (c:/texlive/2023/texmf-dist/tex/latex/base/ifthen.sty
Package: ifthen 2022/04/13 v1.1d Standard LaTeX ifthen package (DPC)
) (c:/texlive/2023/texmf-dist/tex/latex/tools/calc.sty
Package: calc 2017/05/25 v4.3 Infix arithmetic (KKT,FJ)
\calc@Acount=\count289
\calc@Bcount=\count290
\calc@Adimen=\dimen180
\calc@Bdimen=\dimen181
\calc@Askip=\skip91
\calc@Bskip=\skip92
LaTeX Info: Redefining \setlength on input line 80.
LaTeX Info: Redefining \addtolength on input line 81.
\calc@Ccount=\count291
\calc@Cskip=\skip93
) (c:/texlive/2023/texmf-dist/tex/latex/eso-pic/eso-pic.sty
Package: eso-pic 2023/03/23 v3.0b eso-pic (RN)
\ESO@tempdima=\dimen182
\ESO@tempdimb=\dimen183
)
\AM@pagewidth=\dimen184
\AM@pageheight=\dimen185
\AM@fboxrule=\dimen186
 (c:/texlive/2023/texmf-dist/tex/latex/pdfpages/pppdftex.def
File: pppdftex.def 2022/12/19 v0.5x Pdfpages driver for pdfTeX (AM)
)
\pdfpages@includegraphics@status=\count292
\AM@pagebox=\box55
\AM@global@opts=\toks25
\AM@pagecnt=\count293
\AM@toc@title=\toks26
\AM@lof@heading=\toks27
\c@AM@survey=\count294
\AM@templatesizebox=\box56
) (c:/texlive/2023/texmf-dist/tex/latex/wrapfig/wrapfig.sty
\wrapoverhang=\dimen187
\WF@size=\dimen188
\c@WF@wrappedlines=\count295
\WF@box=\box57
\WF@everypar=\toks28
Package: wrapfig 2003/01/31  v 3.6
) (c:/texlive/2023/texmf-dist/tex/latex/natbib/natbib.sty
Package: natbib 2010/09/13 8.31b (PWD, AO)
\bibhang=\skip94
\bibsep=\skip95
LaTeX Info: Redefining \cite on input line 694.
\c@NAT@ctr=\count296
) (c:/texlive/2023/texmf-dist/tex/latex/amsmath/amsmath.sty
Package: amsmath 2022/04/08 v2.17n AMS math features
\@mathmargin=\skip96

For additional information on amsmath, use the `?' option.
(c:/texlive/2023/texmf-dist/tex/latex/amsmath/amstext.sty
Package: amstext 2021/08/26 v2.01 AMS text
 (c:/texlive/2023/texmf-dist/tex/latex/amsmath/amsgen.sty
File: amsgen.sty 1999/11/30 v2.0 generic functions
\@emptytoks=\toks29
\ex@=\dimen189
)) (c:/texlive/2023/texmf-dist/tex/latex/amsmath/amsbsy.sty
Package: amsbsy 1999/11/29 v1.2d Bold Symbols
\pmbraise@=\dimen190
) (c:/texlive/2023/texmf-dist/tex/latex/amsmath/amsopn.sty
Package: amsopn 2022/04/08 v2.04 operator names
)
\inf@bad=\count297
LaTeX Info: Redefining \frac on input line 234.
\uproot@=\count298
\leftroot@=\count299
LaTeX Info: Redefining \overline on input line 399.
LaTeX Info: Redefining \colon on input line 410.
\classnum@=\count300
\DOTSCASE@=\count301
LaTeX Info: Redefining \ldots on input line 496.
LaTeX Info: Redefining \dots on input line 499.
LaTeX Info: Redefining \cdots on input line 620.
\Mathstrutbox@=\box58
\strutbox@=\box59
LaTeX Info: Redefining \big on input line 722.
LaTeX Info: Redefining \Big on input line 723.
LaTeX Info: Redefining \bigg on input line 724.
LaTeX Info: Redefining \Bigg on input line 725.
\big@size=\dimen191
LaTeX Font Info:    Redeclaring font encoding OML on input line 743.
LaTeX Font Info:    Redeclaring font encoding OMS on input line 744.
\macc@depth=\count302
LaTeX Info: Redefining \bmod on input line 905.
LaTeX Info: Redefining \pmod on input line 910.
LaTeX Info: Redefining \smash on input line 940.
LaTeX Info: Redefining \relbar on input line 970.
LaTeX Info: Redefining \Relbar on input line 971.
\c@MaxMatrixCols=\count303
\dotsspace@=\muskip17
\c@parentequation=\count304
\dspbrk@lvl=\count305
\tag@help=\toks30
\row@=\count306
\column@=\count307
\maxfields@=\count308
\andhelp@=\toks31
\eqnshift@=\dimen192
\alignsep@=\dimen193
\tagshift@=\dimen194
\tagwidth@=\dimen195
\totwidth@=\dimen196
\lineht@=\dimen197
\@envbody=\toks32
\multlinegap=\skip97
\multlinetaggap=\skip98
\mathdisplay@stack=\toks33
LaTeX Info: Redefining \[ on input line 2953.
LaTeX Info: Redefining \] on input line 2954.
) (c:/texlive/2023/texmf-dist/tex/latex/amsfonts/amsfonts.sty
Package: amsfonts 2013/01/14 v3.01 Basic AMSFonts support
\symAMSa=\mathgroup5
\symAMSb=\mathgroup6
LaTeX Font Info:    Redeclaring math symbol \hbar on input line 98.
LaTeX Font Info:    Overwriting math alphabet `\mathfrak' in version `bold'
(Font)                  U/euf/m/n --> U/euf/b/n on input line 106.
) (c:/texlive/2023/texmf-dist/tex/latex/algorithms/algorithm.sty
Package: algorithm 2009/08/24 v0.1 Document Style `algorithm' - floating environment
\@float@every@algorithm=\toks34
\c@algorithm=\count309
) (c:/texlive/2023/texmf-dist/tex/latex/algorithmicx/algpseudocode.sty
Package: algpseudocode 
 (c:/texlive/2023/texmf-dist/tex/latex/algorithmicx/algorithmicx.sty
Package: algorithmicx 2005/04/27 v1.2 Algorithmicx

Document Style algorithmicx 1.2 - a greatly improved `algorithmic' style
\c@ALG@line=\count310
\c@ALG@rem=\count311
\c@ALG@nested=\count312
\ALG@tlm=\skip99
\ALG@thistlm=\skip100
\c@ALG@Lnr=\count313
\c@ALG@blocknr=\count314
\c@ALG@storecount=\count315
\c@ALG@tmpcounter=\count316
\ALG@tmplength=\skip101
)
Document Style - pseudocode environments for use with the `algorithmicx' style
) (c:/texlive/2023/texmf-dist/tex/latex/listings/listings.sty
\lst@mode=\count317
\lst@gtempboxa=\box60
\lst@token=\toks35
\lst@length=\count318
\lst@currlwidth=\dimen198
\lst@column=\count319
\lst@pos=\count320
\lst@lostspace=\dimen199
\lst@width=\dimen256
\lst@newlines=\count321
\lst@lineno=\count322
\lst@maxwidth=\dimen257
 (c:/texlive/2023/texmf-dist/tex/latex/listings/lstmisc.sty
File: lstmisc.sty 2023/02/27 1.9 (Carsten Heinz)
\c@lstnumber=\count323
\lst@skipnumbers=\count324
\lst@framebox=\box61
) (c:/texlive/2023/texmf-dist/tex/latex/listings/listings.cfg
File: listings.cfg 2023/02/27 1.9 listings configuration
))
Package: listings 2023/02/27 1.9 (Carsten Heinz)
LaTeX Font Info:    Trying to load font information for T1+ptm on input line 89.
 (c:/texlive/2023/texmf-dist/tex/latex/psnfss/t1ptm.fd
File: t1ptm.fd 2001/06/04 font definitions for T1/ptm.
) (c:/texlive/2023/texmf-dist/tex/latex/l3backend/l3backend-pdftex.def
File: l3backend-pdftex.def 2023-03-30 L3 backend support: PDF output (pdfTeX)
\l__color_backend_stack_int=\count325
\l__pdf_internal_box=\box62
) (./template-skripsi.aux (./pengesahan.aux) (./persetujuan.aux) (./orisinalitas.aux) (./bab1.aux) (./bab2.aux

LaTeX Warning: Label `gambar:smoothed_ranking_function' multiply defined.

) (./bab3.aux

LaTeX Warning: Label `gambar:flowchart_automatic_tag' multiply defined.

) (./bab4.aux) (./bab5.aux) (./lampiran.aux))
\openout1 = `template-skripsi.aux'.

LaTeX Font Info:    Checking defaults for OML/cmm/m/it on input line 89.
LaTeX Font Info:    ... okay on input line 89.
LaTeX Font Info:    Checking defaults for OMS/cmsy/m/n on input line 89.
LaTeX Font Info:    ... okay on input line 89.
LaTeX Font Info:    Checking defaults for OT1/cmr/m/n on input line 89.
LaTeX Font Info:    ... okay on input line 89.
LaTeX Font Info:    Checking defaults for T1/cmr/m/n on input line 89.
LaTeX Font Info:    ... okay on input line 89.
LaTeX Font Info:    Checking defaults for TS1/cmr/m/n on input line 89.
LaTeX Font Info:    ... okay on input line 89.
LaTeX Font Info:    Checking defaults for OMX/cmex/m/n on input line 89.
LaTeX Font Info:    ... okay on input line 89.
LaTeX Font Info:    Checking defaults for U/cmr/m/n on input line 89.
LaTeX Font Info:    ... okay on input line 89.
LaTeX Font Info:    Checking defaults for PD1/pdf/m/n on input line 89.
LaTeX Font Info:    ... okay on input line 89.
LaTeX Font Info:    Checking defaults for PU/pdf/m/n on input line 89.
LaTeX Font Info:    ... okay on input line 89.
 (c:/texlive/2023/texmf-dist/tex/context/base/mkii/supp-pdf.mkii
[Loading MPS to PDF converter (version 2006.09.02).]
\scratchcounter=\count326
\scratchdimen=\dimen258
\scratchbox=\box63
\nofMPsegments=\count327
\nofMParguments=\count328
\everyMPshowfont=\toks36
\MPscratchCnt=\count329
\MPscratchDim=\dimen259
\MPnumerator=\count330
\makeMPintoPDFobject=\count331
\everyMPtoPDFconversion=\toks37
) (c:/texlive/2023/texmf-dist/tex/latex/epstopdf-pkg/epstopdf-base.sty
Package: epstopdf-base 2020-01-24 v2.11 Base part for package epstopdf
Package epstopdf-base Info: Redefining graphics rule for `.eps' on input line 485.
 (c:/texlive/2023/texmf-dist/tex/latex/latexconfig/epstopdf-sys.cfg
File: epstopdf-sys.cfg 2010/07/13 v1.3 Configuration of (r)epstopdf for TeX Live
))
*geometry* driver: auto-detecting
*geometry* detected driver: pdftex
*geometry* verbose mode - [ preamble ] result:
* pass: disregarded the geometry package!
* \paperwidth=597.50787pt
* \paperheight=845.04684pt
* \textwidth=406.87448pt
* \textheight=625.96062pt
* \oddsidemargin=41.54121pt
* \evensidemargin=41.54121pt
* \topmargin=-25.6073pt
* \headheight=12.0pt
* \headsep=65.44142pt
* \topskip=5.1654pt
* \footskip=42.67912pt
* \marginparwidth=0.0pt
* \marginparsep=0.0pt
* \columnsep=10.0pt
* \skip\footins=10.8pt plus 4.0pt minus 2.0pt
* \hoffset=0.0pt
* \voffset=0.0pt
* \mag=1000
* \@twocolumnfalse
* \@twosidefalse
* \@mparswitchfalse
* \@reversemarginfalse
* (1in=72.27pt=25.4mm, 1cm=28.453pt)

Package hyperref Info: Link coloring OFF on input line 89.
(./template-skripsi.out) (./template-skripsi.out)
\@outlinefile=\write3
\openout3 = `template-skripsi.out'.

Package caption Info: Begin \AtBeginDocument code.
Package caption Info: listings package is loaded.
Package caption Info: wrapfig package is loaded.
Package caption Info: End \AtBeginDocument code.
 (c:/texlive/2023/texmf-dist/tex/latex/pdflscape/pdflscape.sty
Package: pdflscape 2022-10-27 v0.13 Display of landscape pages in PDF
 (c:/texlive/2023/texmf-dist/tex/latex/pdflscape/pdflscape-nometadata.sty
Package: pdflscape-nometadata 2022-10-28 v0.13 Display of landscape pages in PDF (HO)
 (c:/texlive/2023/texmf-dist/tex/latex/graphics/lscape.sty
Package: lscape 2020/05/28 v3.02 Landscape Pages (DPC)
)
Package pdflscape Info: Auto-detected driver: pdftex on input line 81.
))
\c@lstlisting=\count332
<gambar/Logo-unj.png, id=272, 333.4056pt x 426.6339pt>
File: gambar/Logo-unj.png Graphic file (type png)
<use gambar/Logo-unj.png>
Package pdftex.def Info: gambar/Logo-unj.png  used on input line 91.
(pdftex.def)             Requested size: 162.7473pt x 208.25822pt.
 [1

{c:/texlive/2023/texmf-var/fonts/map/pdftex/updmap/pdftex.map}{c:/texlive/2023/texmf-dist/fonts/enc/dvips/base/8r.enc} <./gambar/Logo-unj.png>]
\openout2 = `pengesahan.aux'.

 (./pengesahan.tex
LaTeX Font Info:    Trying to load font information for U+lasy on input line 7.
 (c:/texlive/2023/texmf-dist/tex/latex/base/ulasy.fd
File: ulasy.fd 1998/08/17 v2.2e LaTeX symbol font definitions
)
LaTeX Font Info:    Trying to load font information for U+msa on input line 7.
 (c:/texlive/2023/texmf-dist/tex/latex/amsfonts/umsa.fd
File: umsa.fd 2013/01/14 v3.01 AMS symbols A
)
LaTeX Font Info:    Trying to load font information for U+msb on input line 7.
 (c:/texlive/2023/texmf-dist/tex/latex/amsfonts/umsb.fd
File: umsb.fd 2013/01/14 v3.01 AMS symbols B
)
Overfull \hbox (0.82211pt too wide) in paragraph at lines 7--14
[][] 
 []


Overfull \hbox (1.07805pt too wide) in paragraph at lines 33--42
 [][] 
 []

) [2


]
\openout2 = `persetujuan.aux'.

 (./persetujuan.tex
Overfull \hbox (55.6977pt too wide) in paragraph at lines 19--40
[]  
 []

) [3




]
\openout2 = `orisinalitas.aux'.

 (./orisinalitas.tex) [4




] [5



]
Overfull \hbox (15.53441pt too wide) in paragraph at lines 132--140
[][] 
 []

[6] [7


] (./template-skripsi.toc [8

] [9])
\tf@toc=\write4
\openout4 = `template-skripsi.toc'.

 [10] (./template-skripsi.lof [11

])
\tf@lof=\write5
\openout5 = `template-skripsi.lof'.

 [12]
\openout2 = `bab1.aux'.

 (./bab1.tex
BAB I.
<gambar/Top Search Engine.png, id=518, 1541.76pt x 1156.32pt>
File: gambar/Top Search Engine.png Graphic file (type png)
<use gambar/Top Search Engine.png>
Package pdftex.def Info: gambar/Top Search Engine.png  used on input line 15.
(pdftex.def)             Requested size: 305.15585pt x 228.86032pt.
[1



 <./gambar/Top Search Engine.png>]
<gambar/Skema Search Engine Google.png, id=533, 517.935pt x 421.575pt>
File: gambar/Skema Search Engine Google.png Graphic file (type png)
<use gambar/Skema Search Engine Google.png>
Package pdftex.def Info: gambar/Skema Search Engine Google.png  used on input line 26.
(pdftex.def)             Requested size: 305.15585pt x 248.39258pt.
 [2 <./gambar/Skema Search Engine Google.png>]
<gambar/Skema singkat General Suffix Tree.png, id=549, 366.61969pt x 111.41624pt>
File: gambar/Skema singkat General Suffix Tree.png Graphic file (type png)
<use gambar/Skema singkat General Suffix Tree.png>
Package pdftex.def Info: gambar/Skema singkat General Suffix Tree.png  used on input line 44.
(pdftex.def)             Requested size: 406.87448pt x 123.65648pt.
 [3 <./gambar/Skema singkat General Suffix Tree.png>]
<gambar/skema automatic tag.PNG, id=561, 213.79875pt x 121.20282pt>
File: gambar/skema automatic tag.PNG Graphic file (type png)
<use gambar/skema automatic tag.PNG>
Package pdftex.def Info: gambar/skema automatic tag.PNG  used on input line 59.
(pdftex.def)             Requested size: 305.15585pt x 173.00615pt.
 [4 <./gambar/skema automatic tag.PNG>]
<gambar/mashup tag api.PNG, id=579, 557.58313pt x 209.78375pt>
File: gambar/mashup tag api.PNG Graphic file (type png)
<use gambar/mashup tag api.PNG>
Package pdftex.def Info: gambar/mashup tag api.PNG  used on input line 72.
(pdftex.def)             Requested size: 406.87448pt x 153.08643pt.
 [5] [6 <./gambar/mashup tag api.PNG>]) [7]
\openout2 = `bab2.aux'.

 (./bab2.tex
BAB II.
<gambar/Bipartite Graph.PNG, id=618, 267.24844pt x 118.19156pt>
File: gambar/Bipartite Graph.PNG Graphic file (type png)
<use gambar/Bipartite Graph.PNG>
Package pdftex.def Info: gambar/Bipartite Graph.PNG  used on input line 31.
(pdftex.def)             Requested size: 305.15585pt x 134.97061pt.
[8




 <./gambar/Bipartite Graph.PNG>] [9] [10]
<gambar/Smoothed Ranking Function.PNG, id=651, 347.04657pt x 237.88875pt>
File: gambar/Smoothed Ranking Function.PNG Graphic file (type png)
<use gambar/Smoothed Ranking Function.PNG>
Package pdftex.def Info: gambar/Smoothed Ranking Function.PNG  used on input line 126.
(pdftex.def)             Requested size: 305.15585pt x 209.17938pt.
 [11]
<gambar/Two Bipartite Graph of Tag Document Word.PNG, id=663, 211.54031pt x 120.45pt>
File: gambar/Two Bipartite Graph of Tag Document Word.PNG Graphic file (type png)
<use gambar/Two Bipartite Graph of Tag Document Word.PNG>
Package pdftex.def Info: gambar/Two Bipartite Graph of Tag Document Word.PNG  used on input line 147.
(pdftex.def)             Requested size: 305.15585pt x 173.76028pt.
 [12 <./gambar/Smoothed Ranking Function.PNG>]
Package hyperref Info: bookmark level for unknown algorithm defaults to 0 on input line 155.
 [13 <./gambar/Two Bipartite Graph of Tag Document Word.PNG>] [14]
<gambar/Poisson Distribution in Two Cluster.PNG, id=706, 375.65344pt x 320.69812pt>
File: gambar/Poisson Distribution in Two Cluster.PNG Graphic file (type png)
<use gambar/Poisson Distribution in Two Cluster.PNG>
Package pdftex.def Info: gambar/Poisson Distribution in Two Cluster.PNG  used on input line 193.
(pdftex.def)             Requested size: 305.15585pt x 260.53232pt.
 [15] [16 <./gambar/Poisson Distribution in Two Cluster.PNG>] [17] [18] [19]
<gambar/Difference-between-Gaussian-and-Poisson-distributions-Graph-shows-two-Poisson-and-two.png, id=758, 853.1875pt x 568.1225pt>
File: gambar/Difference-between-Gaussian-and-Poisson-distributions-Graph-shows-two-Poisson-and-two.png Graphic file (type png)
<use gambar/Difference-between-Gaussian-and-Poisson-distributions-Graph-shows-two-Poisson-and-two.png>
Package pdftex.def Info: gambar/Difference-between-Gaussian-and-Poisson-distributions-Graph-shows-two-Poisson-and-two.png  used on input line 362.
(pdftex.def)             Requested size: 203.43724pt x 135.45929pt.
) [20 <./gambar/Difference-between-Gaussian-and-Poisson-distributions-Graph-shows-two-Poisson-and-two.png>]
\openout2 = `bab3.aux'.

 (./bab3.tex
BAB III.
<gambar/Tahapan penelitian.png, id=773, 963.6pt x 401.5pt>
File: gambar/Tahapan penelitian.png Graphic file (type png)
<use gambar/Tahapan penelitian.png>
Package pdftex.def Info: gambar/Tahapan penelitian.png  used on input line 15.
(pdftex.def)             Requested size: 406.87448pt x 169.52942pt.
[21




 <./gambar/Tahapan penelitian.png>]
<gambar/Tag Flowchart.drawio.png, id=791, 694.595pt x 362.35374pt>
File: gambar/Tag Flowchart.drawio.png Graphic file (type png)
<use gambar/Tag Flowchart.drawio.png>
Package pdftex.def Info: gambar/Tag Flowchart.drawio.png  used on input line 75.
(pdftex.def)             Requested size: 406.87448pt x 212.26083pt.
 [22]
<gambar/Online Recommendation Flowchart.png, id=797, 603.25375pt x 161.60374pt>
File: gambar/Online Recommendation Flowchart.png Graphic file (type png)
<use gambar/Online Recommendation Flowchart.png>
Package pdftex.def Info: gambar/Online Recommendation Flowchart.png  used on input line 82.
(pdftex.def)             Requested size: 406.87448pt x 108.99644pt.
 [23 <./gambar/Tag Flowchart.drawio.png> <./gambar/Online Recommendation Flowchart.png>] [24]
<gambar/Bipartite Graph Simple.png, id=815, 250.9375pt x 250.9375pt>
File: gambar/Bipartite Graph Simple.png Graphic file (type png)
<use gambar/Bipartite Graph Simple.png>
Package pdftex.def Info: gambar/Bipartite Graph Simple.png  used on input line 134.
(pdftex.def)             Requested size: 305.15585pt x 305.18987pt.
 [25 <./gambar/Bipartite Graph Simple.png>] [26] [27]

Package hyperref Warning: Token not allowed in a PDF string (Unicode):
(hyperref)                removing `math shift' on input line 310.


Package hyperref Warning: Token not allowed in a PDF string (Unicode):
(hyperref)                removing `math shift' on input line 310.

[28] [29] [30]) [31]
\openout2 = `bab4.aux'.

 (./bab4.tex
BAB IV.
<gambar/bab_4_image/the-hill.png, id=896, 1927.2pt x 1084.05pt>
File: gambar/bab_4_image/the-hill.png Graphic file (type png)
<use gambar/bab_4_image/the-hill.png>
Package pdftex.def Info: gambar/bab_4_image/the-hill.png  used on input line 22.
(pdftex.def)             Requested size: 305.15585pt x 171.64854pt.
<gambar/bab_4_image/dataset.jpg, id=897, 760.8425pt x 372.39125pt>
File: gambar/bab_4_image/dataset.jpg Graphic file (type jpg)
<use gambar/bab_4_image/dataset.jpg>
Package pdftex.def Info: gambar/bab_4_image/dataset.jpg  used on input line 36.
(pdftex.def)             Requested size: 305.15585pt x 149.35728pt.
[32




 <./gambar/bab_4_image/the-hill.png>]
<gambar/bab_4_image/dataset tag.jpg, id=903, 334.75063pt x 262.48062pt>
File: gambar/bab_4_image/dataset tag.jpg Graphic file (type jpg)
<use gambar/bab_4_image/dataset tag.jpg>
Package pdftex.def Info: gambar/bab_4_image/dataset tag.jpg  used on input line 44.
(pdftex.def)             Requested size: 406.87448pt x 319.0604pt.
<gambar/bab_4_image/dataset article.jpg, id=904, 759.33687pt x 351.3125pt>
File: gambar/bab_4_image/dataset article.jpg Graphic file (type jpg)
<use gambar/bab_4_image/dataset article.jpg>
Package pdftex.def Info: gambar/bab_4_image/dataset article.jpg  used on input line 52.
(pdftex.def)             Requested size: 406.87448pt x 188.24783pt.
 [33 <./gambar/bab_4_image/dataset.jpg> <./gambar/bab_4_image/dataset tag.jpg>]
<gambar/bab_4_image/pengambilan data.jpg, id=909, 745.28438pt x 142.03062pt>
File: gambar/bab_4_image/pengambilan data.jpg Graphic file (type jpg)
<use gambar/bab_4_image/pengambilan data.jpg>
Package pdftex.def Info: gambar/bab_4_image/pengambilan data.jpg  used on input line 67.
(pdftex.def)             Requested size: 406.87448pt x 77.53842pt.
<gambar/bab_4_image/matrix tag document dan matrix document word.jpg, id=911, 239.39438pt x 206.7725pt>
File: gambar/bab_4_image/matrix tag document dan matrix document word.jpg Graphic file (type jpg)
<use gambar/bab_4_image/matrix tag document dan matrix document word.jpg>
Package pdftex.def Info: gambar/bab_4_image/matrix tag document dan matrix document word.jpg  used on input line 90.
(pdftex.def)             Requested size: 305.15585pt x 263.592pt.
 [34 <./gambar/bab_4_image/dataset article.jpg> <./gambar/bab_4_image/pengambilan data.jpg>]
<gambar/bab_4_image/matrix w.jpg, id=917, 230.36063pt x 124.96687pt>
File: gambar/bab_4_image/matrix w.jpg Graphic file (type jpg)
<use gambar/bab_4_image/matrix w.jpg>
Package pdftex.def Info: gambar/bab_4_image/matrix w.jpg  used on input line 102.
(pdftex.def)             Requested size: 305.15585pt x 165.55362pt.
 [35 <./gambar/bab_4_image/matrix tag document dan matrix document word.jpg> <./gambar/bab_4_image/matrix w.jpg>]
<gambar/bab_4_image/Matrix q.jpg, id=922, 346.79562pt x 182.18062pt>
File: gambar/bab_4_image/Matrix q.jpg Graphic file (type jpg)
<use gambar/bab_4_image/Matrix q.jpg>
Package pdftex.def Info: gambar/bab_4_image/Matrix q.jpg  used on input line 121.
(pdftex.def)             Requested size: 305.15585pt x 160.31108pt.
<gambar/bab_4_image/Matrix t.jpg, id=923, 365.86688pt x 188.705pt>
File: gambar/bab_4_image/Matrix t.jpg Graphic file (type jpg)
<use gambar/bab_4_image/Matrix t.jpg>
Package pdftex.def Info: gambar/bab_4_image/Matrix t.jpg  used on input line 128.
(pdftex.def)             Requested size: 305.15585pt x 157.39966pt.
<gambar/bab_4_image/matrix w hat.jpg, id=924, 385.94188pt x 176.66pt>
File: gambar/bab_4_image/matrix w hat.jpg Graphic file (type jpg)
<use gambar/bab_4_image/matrix w hat.jpg>
Package pdftex.def Info: gambar/bab_4_image/matrix w hat.jpg  used on input line 140.
(pdftex.def)             Requested size: 305.15585pt x 139.68117pt.
 [36 <./gambar/bab_4_image/Matrix q.jpg> <./gambar/bab_4_image/Matrix t.jpg>]
<gambar/bab_4_image/matrix partisi.jpg, id=929, 366.36874pt x 92.345pt>
File: gambar/bab_4_image/matrix partisi.jpg Graphic file (type jpg)
<use gambar/bab_4_image/matrix partisi.jpg>
Package pdftex.def Info: gambar/bab_4_image/matrix partisi.jpg  used on input line 157.
(pdftex.def)             Requested size: 406.87448pt x 102.5605pt.
<gambar/bab_4_image/pelabelan dokumen.jpg, id=930, 741.26938pt x 233.37187pt>
File: gambar/bab_4_image/pelabelan dokumen.jpg Graphic file (type jpg)
<use gambar/bab_4_image/pelabelan dokumen.jpg>
Package pdftex.def Info: gambar/bab_4_image/pelabelan dokumen.jpg  used on input line 174.
(pdftex.def)             Requested size: 406.87448pt x 128.09497pt.
 [37 <./gambar/bab_4_image/matrix w hat.jpg> <./gambar/bab_4_image/matrix partisi.jpg>]
<gambar/bab_4_image/Node Rank T.jpg, id=936, 539.51563pt x 245.91875pt>
File: gambar/bab_4_image/Node Rank T.jpg Graphic file (type jpg)
<use gambar/bab_4_image/Node Rank T.jpg>
Package pdftex.def Info: gambar/bab_4_image/Node Rank T.jpg  used on input line 198.
(pdftex.def)             Requested size: 406.87448pt x 185.463pt.
 [38 <./gambar/bab_4_image/pelabelan dokumen.jpg> <./gambar/bab_4_image/Node Rank T.jpg>]
<gambar/bab_4_image/all_prior_probability_m.jpg, id=944, 268.00125pt x 116.435pt>
File: gambar/bab_4_image/all_prior_probability_m.jpg Graphic file (type jpg)
<use gambar/bab_4_image/all_prior_probability_m.jpg>
Package pdftex.def Info: gambar/bab_4_image/all_prior_probability_m.jpg  used on input line 222.
(pdftex.def)             Requested size: 305.15585pt x 132.57559pt.
<gambar/bab_4_image/all word list lamda mj.jpg, id=945, 732.23563pt x 236.885pt>
File: gambar/bab_4_image/all word list lamda mj.jpg Graphic file (type jpg)
<use gambar/bab_4_image/all word list lamda mj.jpg>
Package pdftex.def Info: gambar/bab_4_image/all word list lamda mj.jpg  used on input line 234.
(pdftex.def)             Requested size: 406.87448pt x 131.62814pt.
 [39 <./gambar/bab_4_image/all_prior_probability_m.jpg>]
<gambar/bab_4_image/pim in document.jpg, id=950, 736.25063pt x 340.77313pt>
File: gambar/bab_4_image/pim in document.jpg Graphic file (type jpg)
<use gambar/bab_4_image/pim in document.jpg>
Package pdftex.def Info: gambar/bab_4_image/pim in document.jpg  used on input line 245.
(pdftex.def)             Requested size: 305.15585pt x 141.24661pt.
 [40 <./gambar/bab_4_image/all word list lamda mj.jpg> <./gambar/bab_4_image/pim in document.jpg>]
<gambar/bab_4_image/rekomendasi tag.jpg, id=961, 486.31688pt x 125.46875pt>
File: gambar/bab_4_image/rekomendasi tag.jpg Graphic file (type jpg)
<use gambar/bab_4_image/rekomendasi tag.jpg>
Package pdftex.def Info: gambar/bab_4_image/rekomendasi tag.jpg  used on input line 277.
(pdftex.def)             Requested size: 406.87448pt x 104.97182pt.
<gambar/bab_4_image/Akurasi.jpg, id=962, 468.24937pt x 129.48375pt>
File: gambar/bab_4_image/Akurasi.jpg Graphic file (type jpg)
<use gambar/bab_4_image/Akurasi.jpg>
Package pdftex.def Info: gambar/bab_4_image/Akurasi.jpg  used on input line 292.
(pdftex.def)             Requested size: 406.87448pt x 112.51755pt.
 [41 <./gambar/bab_4_image/rekomendasi tag.jpg>]
<gambar/bab_4_image/teta_list.jpg, id=969, 781.92125pt x 74.2775pt>
File: gambar/bab_4_image/teta_list.jpg Graphic file (type jpg)
<use gambar/bab_4_image/teta_list.jpg>
Package pdftex.def Info: gambar/bab_4_image/teta_list.jpg  used on input line 320.
(pdftex.def)             Requested size: 406.87448pt x 38.65057pt.
) [42 <./gambar/bab_4_image/Akurasi.jpg> <./gambar/bab_4_image/teta_list.jpg>] [43]
\openout2 = `bab5.aux'.

 (./bab5.tex
BAB V.
) [44




] (./template-skripsi.bbl [45



]) [46]
\openout2 = `lampiran.aux'.

 (./lampiran.tex
LAMPIRAN A.
[47


]
LaTeX Font Info:    Trying to load font information for TS1+ptm on input line 78.
 (c:/texlive/2023/texmf-dist/tex/latex/psnfss/ts1ptm.fd
File: ts1ptm.fd 2001/06/04 font definitions for TS1/ptm.
) [48] [49] [50]
LAMPIRAN B.
[51

]
LAMPIRAN C.
[52

] [53] [54] [55]
LAMPIRAN D.
[56

] [57]
LAMPIRAN E.
[58

] [59]
LAMPIRAN F.
[60

] [61] [62] [63]
LAMPIRAN G.
[64

] [65] [66]
LAMPIRAN H.
[67

] [68] [69] [70]
LAMPIRAN I.
[71

] [72]
LAMPIRAN J.
[73

] [74]
LAMPIRAN K.
[75

] [76] [77] [78] [79] [80] [81] [82] [83] [84]
LAMPIRAN L.
[85

] [86]
LAMPIRAN M.
) [87

] (./template-skripsi.aux (./pengesahan.aux) (./persetujuan.aux) (./orisinalitas.aux) (./bab1.aux) (./bab2.aux) (./bab3.aux) (./bab4.aux) (./bab5.aux) (./lampiran.aux))

LaTeX Warning: There were multiply-defined labels.

Package rerunfilecheck Info: File `template-skripsi.out' has not changed.
(rerunfilecheck)             Checksum: 87ADB849256A69976095CB15B7C025B9;11966.
 ) 
Here is how much of TeX's memory you used:
 19248 strings out of 476017
 314213 string characters out of 5793767
 2039660 words of memory out of 5000000
 37724 multiletter control sequences out of 15000+600000
 552970 words of font info for 79 fonts, out of 8000000 for 9000
 1141 hyphenation exceptions out of 8191
 75i,22n,76p,2268b,1941s stack positions out of 10000i,1000n,20000p,200000b,200000s
<c:/texlive/2023/texmf-dist/fonts/type1/public/amsfonts/cm/cmex10.pfb><c:/texlive/2023/texmf-dist/fonts/type1/public/amsfonts/cm/cmmi12.pfb><c:/texlive/2023/texmf-dist/fonts/type1/public/amsfonts/cm/cmmi6.pfb><c:/texlive/2023/texmf-dist/fonts/type1/public/amsfonts/cm/cmmi8.pfb><c:/texlive/2023/texmf-dist/fonts/type1/public/amsfonts/cm/cmr12.pfb><c:/texlive/2023/texmf-dist/fonts/type1/public/amsfonts/cm/cmr6.pfb><c:/texlive/2023/texmf-dist/fonts/type1/public/amsfonts/cm/cmr8.pfb><c:/texlive/2023/texmf-dist/fonts/type1/public/amsfonts/cm/cmsy10.pfb><c:/texlive/2023/texmf-dist/fonts/type1/public/amsfonts/cm/cmsy6.pfb><c:/texlive/2023/texmf-dist/fonts/type1/public/amsfonts/cm/cmsy8.pfb><c:/texlive/2023/texmf-dist/fonts/type1/public/amsfonts/symbols/msbm10.pfb><c:/texlive/2023/texmf-dist/fonts/type1/urw/times/utmb8a.pfb><c:/texlive/2023/texmf-dist/fonts/type1/urw/times/utmbi8a.pfb><c:/texlive/2023/texmf-dist/fonts/type1/urw/times/utmr8a.pfb><c:/texlive/2023/texmf-dist/fonts/type1/urw/times/utmri8a.pfb>
Output written on template-skripsi.pdf (99 pages, 2688602 bytes).
PDF statistics:
 2871 PDF objects out of 2984 (max. 8388607)
 2638 compressed objects within 27 object streams
 1590 named destinations out of 1728 (max. 500000)
 707 words of extra memory for PDF output out of 10000 (max. 10000000)

