\BOOKMARK [0][-]{chapter*.4}{\376\377\000K\000A\000T\000A\000\040\000P\000E\000N\000G\000A\000N\000T\000A\000R}{}% 1
\BOOKMARK [0][-]{chapter*.5}{\376\377\000A\000B\000S\000T\000R\000A\000K}{}% 2
\BOOKMARK [0][-]{chapter*.6}{\376\377\000D\000A\000F\000T\000A\000R\000\040\000I\000S\000I}{}% 3
\BOOKMARK [0][-]{chapter*.7}{\376\377\000D\000A\000F\000T\000A\000R\000\040\000G\000A\000M\000B\000A\000R}{}% 4
\BOOKMARK [0][-]{chapter.1}{\376\377\000P\000E\000N\000D\000A\000H\000U\000L\000U\000A\000N}{}% 5
\BOOKMARK [1][-]{section.1.1}{\376\377\000L\000a\000t\000a\000r\000\040\000B\000e\000l\000a\000k\000a\000n\000g\000\040\000M\000a\000s\000a\000l\000a\000h}{chapter.1}% 6
\BOOKMARK [1][-]{section.1.2}{\376\377\000R\000u\000m\000u\000s\000a\000n\000\040\000M\000a\000s\000a\000l\000a\000h}{chapter.1}% 7
\BOOKMARK [1][-]{section.1.3}{\376\377\000B\000a\000t\000a\000s\000a\000n\000\040\000M\000a\000s\000a\000l\000a\000h}{chapter.1}% 8
\BOOKMARK [1][-]{section.1.4}{\376\377\000T\000u\000j\000u\000a\000n\000\040\000P\000e\000n\000e\000l\000i\000t\000i\000a\000n}{chapter.1}% 9
\BOOKMARK [1][-]{section.1.5}{\376\377\000M\000a\000n\000f\000a\000a\000t\000\040\000P\000e\000n\000e\000l\000i\000t\000i\000a\000n}{chapter.1}% 10
\BOOKMARK [0][-]{chapter.2}{\376\377\000K\000A\000J\000I\000A\000N\000\040\000P\000U\000S\000T\000A\000K\000A}{}% 11
\BOOKMARK [1][-]{section.2.1}{\376\377\000R\000e\000p\000r\000e\000s\000e\000n\000t\000a\000s\000i\000\040\000B\000i\000p\000a\000r\000t\000i\000t\000e\000\040\000G\000r\000a\000p\000h}{chapter.2}% 12
\BOOKMARK [2][-]{subsection.2.1.1}{\376\377\000N\000o\000r\000m\000a\000l\000i\000s\000a\000s\000i\000\040\000d\000a\000n\000\040\000A\000p\000r\000o\000k\000s\000i\000m\000a\000s\000i}{section.2.1}% 13
\BOOKMARK [2][-]{subsection.2.1.2}{\376\377\000B\000i\000p\000a\000r\000t\000i\000t\000e\000\040\000G\000r\000a\000p\000h\000\040\000P\000a\000r\000t\000i\000t\000i\000o\000n\000i\000n\000g}{section.2.1}% 14
\BOOKMARK [2][-]{subsection.2.1.3}{\376\377\000D\000e\000n\000g\000a\000n\000\040\000C\000l\000u\000s\000t\000e\000r\000\040\000N\000o\000d\000e\000\040\000R\000a\000n\000k\000i\000n\000g}{section.2.1}% 15
\BOOKMARK [1][-]{section.2.2}{\376\377\000O\000n\000l\000i\000n\000e\000\040\000T\000a\000g\000\040\000R\000e\000c\000o\000m\000m\000e\000n\000d\000a\000t\000i\000o\000n}{chapter.2}% 16
\BOOKMARK [2][-]{subsection.2.2.1}{\376\377\000T\000w\000o\000-\000W\000a\000y\000\040\000P\000o\000i\000s\000s\000o\000n\000\040\000M\000i\000x\000t\000u\000r\000e\000\040\000M\000o\000d\000e\000l}{section.2.2}% 17
\BOOKMARK [2][-]{subsection.2.2.2}{\376\377\000T\000a\000g\000\040\000R\000e\000c\000o\000m\000m\000e\000n\000d\000a\000t\000i\000o\000n\000\040\000f\000o\000r\000\040\000N\000e\000w\000\040\000D\000o\000c\000u\000m\000e\000n\000t\000s}{section.2.2}% 18
\BOOKMARK [1][-]{section.2.3}{\376\377\000M\000i\000x\000t\000u\000r\000e\000\040\000M\000o\000d\000e\000l}{chapter.2}% 19
\BOOKMARK [0][-]{chapter.3}{\376\377\000D\000E\000S\000A\000I\000N\000\040\000M\000O\000D\000E\000L}{}% 20
\BOOKMARK [1][-]{section.3.1}{\376\377\000T\000a\000h\000a\000p\000a\000n\000\040\000P\000e\000n\000e\000l\000i\000t\000i\000a\000n}{chapter.3}% 21
\BOOKMARK [1][-]{section.3.2}{\376\377\000A\000l\000g\000o\000r\000i\000t\000m\000a\000\040\000A\000u\000t\000o\000m\000a\000t\000i\000c\000\040\000T\000a\000g}{chapter.3}% 22
\BOOKMARK [1][-]{section.3.3}{\376\377\000F\000l\000o\000w\000c\000h\000a\000r\000t\000\040\000A\000u\000t\000o\000m\000a\000t\000i\000c\000\040\000T\000a\000g}{chapter.3}% 23
\BOOKMARK [1][-]{section.3.4}{\376\377\000A\000l\000a\000t\000\040\000d\000a\000n\000\040\000B\000a\000h\000a\000n\000\040\000P\000e\000n\000e\000l\000i\000t\000i\000a\000n}{chapter.3}% 24
\BOOKMARK [1][-]{section.3.5}{\376\377\000T\000a\000h\000a\000p\000a\000n\000\040\000P\000e\000n\000e\000l\000i\000t\000i\000a\000n\000\040\000A\000u\000t\000o\000m\000a\000t\000i\000c\000\040\000T\000a\000g}{chapter.3}% 25
\BOOKMARK [2][-]{subsection.3.5.1}{\376\377\000P\000e\000n\000g\000i\000n\000p\000u\000t\000a\000n}{section.3.5}% 26
\BOOKMARK [2][-]{subsection.3.5.2}{\376\377\000M\000e\000n\000e\000n\000t\000u\000k\000a\000n\000\040\000M\000a\000t\000r\000i\000k\000s\000\040\000W}{section.3.5}% 27
\BOOKMARK [2][-]{subsection.3.5.3}{\376\377\000M\000e\000n\000g\000h\000i\000t\000u\000n\000g\000\040\000L\000o\000w\000\040\000R\000a\000n\000k\000\040\000A\000p\000p\000r\000o\000x\000i\000m\000a\000t\000i\000o\000n\000\040\000M\000a\000t\000r\000i\000x\000\040\000m\000e\000n\000g\000g\000u\000n\000a\000k\000a\000n\000\040\000a\000l\000g\000o\000r\000i\000t\000m\000a\000\040\000L\000a\000n\000c\000z\000o\000s}{section.3.5}% 28
\BOOKMARK [2][-]{subsection.3.5.4}{\376\377\000M\000e\000l\000a\000k\000u\000k\000a\000n\000\040\000p\000a\000r\000t\000i\000s\000i\000\040\000\040\000k\000e\000\040\000d\000a\000l\000a\000m\000\040\000k\000l\000a\000s\000t\000e\000r\000\040\000K\000\040\000m\000e\000n\000g\000g\000u\000n\000a\000k\000a\000n\000\040\000S\000R\000E}{section.3.5}% 29
\BOOKMARK [2][-]{subsection.3.5.5}{\376\377\000M\000e\000l\000a\000k\000u\000k\000a\000n\000\040\000p\000e\000l\000a\000b\000e\000l\000a\000n\000\040\000s\000e\000t\000i\000a\000p\000\040\000d\000o\000k\000u\000m\000e\000n}{section.3.5}% 30
\BOOKMARK [2][-]{subsection.3.5.6}{\376\377\000M\000e\000n\000g\000h\000i\000t\000u\000n\000g\000\040\000N\000o\000d\000e\000\040\000R\000a\000n\000k\000\040\000R\000a\000n\000k\000\050\000T\000\051\000\040\000u\000n\000t\000u\000k\000\040\000S\000e\000t\000i\000a\000p\000\040\000T\000a\000g}{section.3.5}% 31
\BOOKMARK [2][-]{subsection.3.5.7}{\376\377\000M\000e\000m\000b\000u\000a\000t\000\040\000T\000w\000o\000\040\000W\000a\000y\000\040\000P\000o\000i\000s\000s\000o\000n\000\040\000M\000i\000x\000t\000u\000r\000e\000\040\000M\000o\000d\000e\000l}{section.3.5}% 32
\BOOKMARK [2][-]{subsection.3.5.8}{\376\377\000R\000e\000k\000o\000m\000e\000n\000d\000a\000s\000i\000\040\000T\000a\000g\000\040\000U\000n\000t\000u\000k\000\040\000D\000o\000k\000u\000m\000e\000n\000\040\000B\000a\000r\000u}{section.3.5}% 33
\BOOKMARK [2][-]{subsection.3.5.9}{\376\377\000R\000e\000k\000o\000m\000e\000n\000d\000a\000s\000i\000\040\000T\000a\000g\000\040\000B\000e\000r\000d\000a\000s\000a\000r\000k\000a\000n\000\040\000R\000a\000n\000k\000s\000\040\000T\000a\000g}{section.3.5}% 34
\BOOKMARK [1][-]{section.3.6}{\376\377\000S\000k\000e\000n\000a\000r\000i\000o\000\040\000P\000e\000n\000g\000u\000j\000i\000a\000n}{chapter.3}% 35
\BOOKMARK [0][-]{chapter.4}{\376\377\000H\000A\000S\000I\000L\000\040\000D\000A\000N\000\040\000P\000E\000M\000B\000A\000H\000A\000S\000A\000N}{}% 36
\BOOKMARK [1][-]{section.4.1}{\376\377\000I\000m\000p\000l\000e\000m\000e\000n\000t\000a\000s\000i}{chapter.4}% 37
\BOOKMARK [2][-]{subsection.4.1.1}{\376\377\000H\000a\000s\000i\000l\000\040\000C\000r\000a\000w\000l\000i\000n\000g}{section.4.1}% 38
\BOOKMARK [2][-]{subsection.4.1.2}{\376\377\000P\000e\000n\000g\000a\000m\000b\000i\000l\000a\000n\000\040\000D\000a\000t\000a\000\040\000d\000a\000r\000i\000\040\000D\000a\000t\000a\000b\000a\000s\000e}{section.4.1}% 39
\BOOKMARK [2][-]{subsection.4.1.3}{\376\377\000P\000e\000n\000g\000i\000n\000p\000u\000t\000a\000n}{section.4.1}% 40
\BOOKMARK [2][-]{subsection.4.1.4}{\376\377\000M\000e\000n\000g\000o\000l\000a\000h\000\040\000D\000a\000t\000a\000\040\000M\000e\000n\000j\000a\000d\000i\000\040\000M\000a\000t\000r\000i\000k\000s}{section.4.1}% 41
\BOOKMARK [2][-]{subsection.4.1.5}{\376\377\000M\000e\000n\000g\000h\000i\000t\000u\000n\000g\000\040\000L\000o\000w\000\040\000R\000a\000n\000k\000\040\000A\000p\000p\000r\000o\000x\000i\000m\000a\000t\000i\000o\000n\000\040\000M\000a\000t\000r\000i\000x\000\040\000M\000e\000n\000g\000g\000u\000n\000a\000k\000a\000n\000\040\000A\000l\000g\000o\000r\000i\000t\000m\000a\000\040\000L\000a\000n\000c\000z\000o\000s}{section.4.1}% 42
\BOOKMARK [2][-]{subsection.4.1.6}{\376\377\000M\000e\000l\000a\000k\000u\000k\000a\000n\000\040\000P\000a\000r\000t\000i\000s\000i\000\040\000W\000\040\000k\000e\000\040\000d\000a\000l\000a\000m\000\040\000K\000l\000a\000s\000t\000e\000r\000\040\000K}{section.4.1}% 43
\BOOKMARK [2][-]{subsection.4.1.7}{\376\377\000M\000e\000l\000a\000k\000u\000k\000a\000n\000\040\000P\000e\000l\000a\000b\000e\000l\000a\000n\000\040\000S\000e\000t\000i\000a\000p\000\040\000D\000o\000k\000u\000m\000e\000n}{section.4.1}% 44
\BOOKMARK [2][-]{subsection.4.1.8}{\376\377\000M\000e\000n\000g\000h\000i\000t\000u\000n\000g\000\040\000R\000a\000n\000k\000\050\000T\000\051\000\040\000u\000n\000t\000u\000k\000\040\000s\000e\000t\000i\000a\000p\000\040\000T\000a\000g}{section.4.1}% 45
\BOOKMARK [2][-]{subsection.4.1.9}{\376\377\000M\000e\000m\000b\000u\000a\000t\000\040\000T\000w\000o\000\040\000W\000a\000y\000\040\000P\000o\000i\000s\000s\000o\000n\000\040\000M\000i\000x\000t\000u\000r\000e\000\040\000M\000o\000d\000e\000l}{section.4.1}% 46
\BOOKMARK [2][-]{subsection.4.1.10}{\376\377\000R\000e\000k\000o\000m\000e\000n\000d\000a\000s\000i\000\040\000T\000a\000g}{section.4.1}% 47
\BOOKMARK [1][-]{section.4.2}{\376\377\000H\000a\000s\000i\000l\000\040\000P\000e\000n\000g\000u\000j\000i\000a\000n}{chapter.4}% 48
\BOOKMARK [1][-]{section.4.3}{\376\377\000H\000a\000s\000i\000l\000\040\000A\000n\000a\000l\000i\000s\000a}{chapter.4}% 49
\BOOKMARK [0][-]{chapter.5}{\376\377\000K\000E\000S\000I\000M\000P\000U\000L\000A\000N\000\040\000D\000A\000N\000\040\000S\000A\000R\000A\000N}{}% 50
\BOOKMARK [1][-]{section.5.1}{\376\377\000K\000e\000s\000i\000m\000p\000u\000l\000a\000n}{chapter.5}% 51
\BOOKMARK [1][-]{section.5.2}{\376\377\000S\000a\000r\000a\000n}{chapter.5}% 52
\BOOKMARK [0][-]{chapter*.42}{\376\377\000D\000A\000F\000T\000A\000R\000\040\000P\000U\000S\000T\000A\000K\000A}{}% 53
\BOOKMARK [0][-]{chapter*.42}{\376\377\000L\000A\000M\000P\000I\000R\000A\000N}{}% 54
\BOOKMARK [0][-]{appendix.A}{\376\377\000m\000a\000i\000n\000.\000p\000y}{}% 55
\BOOKMARK [0][-]{appendix.B}{\376\377\000d\000a\000t\000a\000\137\000f\000r\000o\000m\000\137\000d\000a\000t\000a\000b\000a\000s\000e\000.\000p\000y}{}% 56
\BOOKMARK [0][-]{appendix.C}{\376\377\000i\000n\000p\000u\000t\000\137\000p\000r\000o\000c\000e\000s\000s\000i\000n\000g\000.\000p\000y}{}% 57
\BOOKMARK [0][-]{appendix.D}{\376\377\000m\000a\000t\000r\000i\000x\000\137\000p\000r\000o\000c\000e\000s\000s\000i\000n\000g\000.\000p\000y}{}% 58
\BOOKMARK [0][-]{appendix.E}{\376\377\000l\000o\000w\000\137\000r\000a\000n\000k\000\137\000a\000p\000p\000r\000o\000x\000i\000m\000a\000t\000i\000o\000n\000\137\000m\000a\000t\000r\000i\000x\000.\000p\000y}{}% 59
\BOOKMARK [0][-]{appendix.F}{\376\377\000s\000p\000e\000c\000t\000r\000a\000l\000\137\000r\000e\000c\000u\000r\000s\000i\000v\000e\000\137\000e\000m\000b\000e\000d\000d\000i\000n\000g\000.\000p\000y}{}% 60
\BOOKMARK [0][-]{appendix.G}{\376\377\000a\000s\000s\000i\000g\000n\000\137\000l\000a\000b\000e\000l\000.\000p\000y}{}% 61
\BOOKMARK [0][-]{appendix.H}{\376\377\000n\000o\000d\000e\000\137\000r\000a\000n\000k\000\137\000t\000.\000p\000y}{}% 62
\BOOKMARK [0][-]{appendix.I}{\376\377\000w\000o\000r\000d\000\137\000c\000o\000u\000n\000t\000\137\000i\000n\000\137\000m\000a\000t\000r\000i\000x\000.\000p\000y}{}% 63
\BOOKMARK [0][-]{appendix.J}{\376\377\000w\000o\000r\000d\000\137\000c\000o\000u\000n\000t\000\137\000i\000n\000\137\000l\000i\000s\000t\000.\000p\000y}{}% 64
\BOOKMARK [0][-]{appendix.K}{\376\377\000t\000w\000o\000\137\000w\000a\000y\000\137\000p\000o\000i\000s\000s\000o\000n\000\137\000m\000i\000x\000t\000u\000r\000e\000\137\000m\000o\000d\000e\000l\000.\000p\000y}{}% 65
\BOOKMARK [0][-]{appendix.L}{\376\377\000t\000a\000g\000\137\000r\000e\000c\000o\000m\000m\000e\000n\000d\000a\000t\000i\000o\000n\000\137\000f\000o\000r\000\137\000n\000e\000w\000\137\000d\000o\000c\000u\000m\000e\000n\000t\000.\000p\000y}{}% 66
\BOOKMARK [0][-]{appendix.M}{\376\377\000t\000o\000p\000\137\000k\000\137\000a\000c\000c\000u\000r\000a\000c\000y\000.\000p\000y}{}% 67
